This file contains any messages produced by compilers while
running configure, to aid debugging if configure makes a mistake.

It was created by configure, which was
generated by GNU Autoconf 2.71.  Invocation command line was

  $ ./configure

## --------- ##
## Platform. ##
## --------- ##

hostname = MacBook-Air-de-Pierre-4.local
uname -m = x86_64
uname -r = 22.6.0
uname -s = Darwin
uname -v = Darwin Kernel Version 22.6.0: Wed Jul  5 22:17:35 PDT 2023; root:xnu-8796.141.3~6/RELEASE_ARM64_T8112

/usr/bin/uname -p = i386
/bin/uname -X     = unknown

/bin/arch              = unknown
/usr/bin/arch -k       = unknown
/usr/convex/getsysinfo = unknown
/usr/bin/hostinfo      = Mach kernel version:
	 Darwin Kernel Version 22.6.0: Wed Jul  5 22:17:35 PDT 2023; root:xnu-8796.141.3~6/RELEASE_ARM64_T8112
Kernel configured for up to 8 processors.
8 processors are physically available.
8 processors are logically available.
Processor type: i486 (Intel 80486)
Processors active: 0 1 2 3 4 5 6 7
Primary memory available: 8.00 gigabytes
Default processor set: 437 tasks, 3008 threads, 8 processors
Load average: 3.83, Mach factor: 4.30
/bin/machine           = unknown
/usr/bin/oslevel       = unknown
/bin/universe          = unknown

PATH: /opt/homebrew/bin/
PATH: /opt/homebrew/sbin/
PATH: /Users/pierre/.yarn/bin/
PATH: /Users/pierre/.config/yarn/global/node_modules/.bin/
PATH: /usr/local/mysql/bin/
PATH: /usr/local/bin/
PATH: /System/Cryptexes/App/usr/bin/
PATH: /usr/bin/
PATH: /bin/
PATH: /usr/sbin/
PATH: /sbin/
PATH: /var/run/com.apple.security.cryptexd/codex.system/bootstrap/usr/local/bin/
PATH: /var/run/com.apple.security.cryptexd/codex.system/bootstrap/usr/bin/
PATH: /var/run/com.apple.security.cryptexd/codex.system/bootstrap/usr/appleinternal/bin/
PATH: /opt/homebrew/bin/
PATH: /opt/homebrew/sbin/
PATH: /Users/pierre/.yarn/bin/
PATH: /Users/pierre/.config/yarn/global/node_modules/.bin/
PATH: /usr/local/mysql/bin/


## ----------- ##
## Core tests. ##
## ----------- ##

configure:2537: looking for aux files: config.guess config.sub
configure:2550:  trying ./build/
configure:2579:   ./build/config.guess found
configure:2579:   ./build/config.sub found
configure:2696: checking for grep that handles long lines and -e
configure:2760: result: /usr/bin/grep
configure:2765: checking for egrep
configure:2833: result: /usr/bin/grep -E
configure:2838: checking for a sed that does not truncate output
configure:2908: result: /usr/bin/sed
configure:3052: checking for pkg-config
configure:3090: result: no
configure:3191: checking for cc
configure:3212: found /usr/bin/cc
configure:3223: result: cc
configure:3254: checking for C compiler version
configure:3263: cc --version >&5
Apple clang version 14.0.3 (clang-1403.0.22.14.1)
Target: x86_64-apple-darwin22.6.0
Thread model: posix
InstalledDir: /Library/Developer/CommandLineTools/usr/bin
configure:3274: $? = 0
configure:3263: cc -v >&5
Apple clang version 14.0.3 (clang-1403.0.22.14.1)
Target: x86_64-apple-darwin22.6.0
Thread model: posix
InstalledDir: /Library/Developer/CommandLineTools/usr/bin
configure:3274: $? = 0
configure:3263: cc -V >&5
clang: error: argument to '-V' is missing (expected 1 value)
clang: error: no input files
configure:3274: $? = 1
configure:3263: cc -qversion >&5
clang: error: unknown argument '-qversion'; did you mean '--version'?
clang: error: no input files
configure:3274: $? = 1
configure:3263: cc -version >&5
clang: error: unknown argument '-version'; did you mean '--version'?
clang: error: no input files
configure:3274: $? = 1
configure:3294: checking whether the C compiler works
configure:3316: cc    conftest.c  >&5
configure:3320: $? = 0
configure:3370: result: yes
configure:3373: checking for C compiler default output file name
configure:3375: result: a.out
configure:3381: checking for suffix of executables
configure:3388: cc -o conftest    conftest.c  >&5
configure:3392: $? = 0
configure:3415: result: 
configure:3437: checking whether we are cross compiling
configure:3445: cc -o conftest    conftest.c  >&5
configure:3449: $? = 0
configure:3456: ./conftest
configure:3460: $? = 0
configure:3475: result: no
configure:3480: checking for suffix of object files
configure:3503: cc -c   conftest.c >&5
configure:3507: $? = 0
configure:3529: result: o
configure:3533: checking whether the compiler supports GNU C
configure:3553: cc -c   conftest.c >&5
configure:3553: $? = 0
configure:3563: result: yes
configure:3574: checking whether cc accepts -g
configure:3595: cc -c -g  conftest.c >&5
configure:3595: $? = 0
configure:3639: result: yes
configure:3659: checking for cc option to enable C11 features
configure:3674: cc  -c -g -O2  conftest.c >&5
conftest.c:23:14: warning: a function declaration without a prototype is deprecated in all versions of C and is not supported in C2x [-Wdeprecated-non-prototype]
static char *e (p, i)
             ^
1 warning generated.
configure:3674: $? = 0
configure:3692: result: none needed
configure:3808: checking how to run the C preprocessor
configure:3834: cc -E  conftest.c
configure:3834: $? = 0
configure:3849: cc -E  conftest.c
conftest.c:9:10: fatal error: 'ac_nonexistent.h' file not found
#include <ac_nonexistent.h>
         ^~~~~~~~~~~~~~~~~~
1 error generated.
configure:3849: $? = 1
configure: failed program was:
| /* confdefs.h */
| #define PACKAGE_NAME ""
| #define PACKAGE_TARNAME ""
| #define PACKAGE_VERSION ""
| #define PACKAGE_STRING ""
| #define PACKAGE_BUGREPORT ""
| #define PACKAGE_URL ""
| /* end confdefs.h.  */
| #include <ac_nonexistent.h>
configure:3876: result: cc -E
configure:3890: cc -E  conftest.c
configure:3890: $? = 0
configure:3905: cc -E  conftest.c
conftest.c:9:10: fatal error: 'ac_nonexistent.h' file not found
#include <ac_nonexistent.h>
         ^~~~~~~~~~~~~~~~~~
1 error generated.
configure:3905: $? = 1
configure: failed program was:
| /* confdefs.h */
| #define PACKAGE_NAME ""
| #define PACKAGE_TARNAME ""
| #define PACKAGE_VERSION ""
| #define PACKAGE_STRING ""
| #define PACKAGE_BUGREPORT ""
| #define PACKAGE_URL ""
| /* end confdefs.h.  */
| #include <ac_nonexistent.h>
configure:3938: checking for icc
configure:3948: result: no
configure:3962: checking for suncc
configure:3972: result: no
configure:3990: checking for system library directory
configure:4006: result: lib
configure:4013: checking if compiler supports -Wl,-rpath,
configure:4033: cc -o conftest -g -O2   conftest.c -Wl,-rpath,/usr/lib  >&5
configure:4033: $? = 0
configure:4044: result: yes
configure:4099: checking build system type
configure:4114: result: x86_64-apple-darwin22.6.0
configure:4134: checking host system type
configure:4148: result: x86_64-apple-darwin22.6.0
configure:4168: checking target system type
configure:4182: result: x86_64-apple-darwin22.6.0
configure:4286: checking for PHP prefix
configure:4288: result: /opt/homebrew/Cellar/php/8.2.11
configure:4290: checking for PHP includes
configure:4292: result: -I/opt/homebrew/Cellar/php/8.2.11/include/php -I/opt/homebrew/Cellar/php/8.2.11/include/php/main -I/opt/homebrew/Cellar/php/8.2.11/include/php/TSRM -I/opt/homebrew/Cellar/php/8.2.11/include/php/Zend -I/opt/homebrew/Cellar/php/8.2.11/include/php/ext -I/opt/homebrew/Cellar/php/8.2.11/include/php/ext/date/lib
configure:4294: checking for PHP extension directory
configure:4296: result: /opt/homebrew/Cellar/php/8.2.11/pecl/20220829
configure:4298: checking for PHP installed headers prefix
configure:4300: result: /opt/homebrew/Cellar/php/8.2.11/include/php
configure:4303: checking if debug is enabled
configure:4330: result: no
configure:4333: checking if zts is enabled
configure:4360: result: no
configure:4428: checking for gawk
configure:4464: result: no
configure:4428: checking for nawk
configure:4464: result: no
configure:4428: checking for awk
configure:4450: found /usr/bin/awk
configure:4461: result: awk
configure:4484: checking if awk is broken
configure:4491: result: no
configure:4505: checking whether to enable Xdebug support
configure:4545: result: yes, shared
configure:4554: checking whether to enable Xdebug developer build flags
configure:4569: result: no
configure:4578: checking whether to compress profiler files (requires zlib)
configure:4594: result: yes
configure:4624: checking Check for supported PHP versions
configure:4634: result: supported (8.2.11)
configure:4649: checking for clock_gettime
configure:4663: cc -o conftest -g -O2 -I/opt/homebrew/Cellar/php/8.2.11/include/php -I/opt/homebrew/Cellar/php/8.2.11/include/php/main -I/opt/homebrew/Cellar/php/8.2.11/include/php/TSRM -I/opt/homebrew/Cellar/php/8.2.11/include/php/Zend -I/opt/homebrew/Cellar/php/8.2.11/include/php/ext -I/opt/homebrew/Cellar/php/8.2.11/include/php/ext/date/lib   conftest.c  >&5
configure:4663: $? = 0
configure:4667: result: yes
configure:4721: checking for clock_gettime_nsec_np
configure:4721: cc -o conftest -g -O2 -I/opt/homebrew/Cellar/php/8.2.11/include/php -I/opt/homebrew/Cellar/php/8.2.11/include/php/main -I/opt/homebrew/Cellar/php/8.2.11/include/php/TSRM -I/opt/homebrew/Cellar/php/8.2.11/include/php/Zend -I/opt/homebrew/Cellar/php/8.2.11/include/php/ext -I/opt/homebrew/Cellar/php/8.2.11/include/php/ext/date/lib   conftest.c  >&5
configure:4721: $? = 0
configure:4721: result: yes
configure:4734: checking for gettimeofday
configure:4734: cc -o conftest -g -O2 -I/opt/homebrew/Cellar/php/8.2.11/include/php -I/opt/homebrew/Cellar/php/8.2.11/include/php/main -I/opt/homebrew/Cellar/php/8.2.11/include/php/TSRM -I/opt/homebrew/Cellar/php/8.2.11/include/php/Zend -I/opt/homebrew/Cellar/php/8.2.11/include/php/ext -I/opt/homebrew/Cellar/php/8.2.11/include/php/ext/date/lib   conftest.c  >&5
configure:4734: $? = 0
configure:4734: result: yes
configure:4747: checking for stdio.h
configure:4747: cc -c -g -O2 -I/opt/homebrew/Cellar/php/8.2.11/include/php -I/opt/homebrew/Cellar/php/8.2.11/include/php/main -I/opt/homebrew/Cellar/php/8.2.11/include/php/TSRM -I/opt/homebrew/Cellar/php/8.2.11/include/php/Zend -I/opt/homebrew/Cellar/php/8.2.11/include/php/ext -I/opt/homebrew/Cellar/php/8.2.11/include/php/ext/date/lib  conftest.c >&5
configure:4747: $? = 0
configure:4747: result: yes
configure:4747: checking for stdlib.h
configure:4747: cc -c -g -O2 -I/opt/homebrew/Cellar/php/8.2.11/include/php -I/opt/homebrew/Cellar/php/8.2.11/include/php/main -I/opt/homebrew/Cellar/php/8.2.11/include/php/TSRM -I/opt/homebrew/Cellar/php/8.2.11/include/php/Zend -I/opt/homebrew/Cellar/php/8.2.11/include/php/ext -I/opt/homebrew/Cellar/php/8.2.11/include/php/ext/date/lib  conftest.c >&5
configure:4747: $? = 0
configure:4747: result: yes
configure:4747: checking for string.h
configure:4747: cc -c -g -O2 -I/opt/homebrew/Cellar/php/8.2.11/include/php -I/opt/homebrew/Cellar/php/8.2.11/include/php/main -I/opt/homebrew/Cellar/php/8.2.11/include/php/TSRM -I/opt/homebrew/Cellar/php/8.2.11/include/php/Zend -I/opt/homebrew/Cellar/php/8.2.11/include/php/ext -I/opt/homebrew/Cellar/php/8.2.11/include/php/ext/date/lib  conftest.c >&5
configure:4747: $? = 0
configure:4747: result: yes
configure:4747: checking for inttypes.h
configure:4747: cc -c -g -O2 -I/opt/homebrew/Cellar/php/8.2.11/include/php -I/opt/homebrew/Cellar/php/8.2.11/include/php/main -I/opt/homebrew/Cellar/php/8.2.11/include/php/TSRM -I/opt/homebrew/Cellar/php/8.2.11/include/php/Zend -I/opt/homebrew/Cellar/php/8.2.11/include/php/ext -I/opt/homebrew/Cellar/php/8.2.11/include/php/ext/date/lib  conftest.c >&5
configure:4747: $? = 0
configure:4747: result: yes
configure:4747: checking for stdint.h
configure:4747: cc -c -g -O2 -I/opt/homebrew/Cellar/php/8.2.11/include/php -I/opt/homebrew/Cellar/php/8.2.11/include/php/main -I/opt/homebrew/Cellar/php/8.2.11/include/php/TSRM -I/opt/homebrew/Cellar/php/8.2.11/include/php/Zend -I/opt/homebrew/Cellar/php/8.2.11/include/php/ext -I/opt/homebrew/Cellar/php/8.2.11/include/php/ext/date/lib  conftest.c >&5
configure:4747: $? = 0
configure:4747: result: yes
configure:4747: checking for strings.h
configure:4747: cc -c -g -O2 -I/opt/homebrew/Cellar/php/8.2.11/include/php -I/opt/homebrew/Cellar/php/8.2.11/include/php/main -I/opt/homebrew/Cellar/php/8.2.11/include/php/TSRM -I/opt/homebrew/Cellar/php/8.2.11/include/php/Zend -I/opt/homebrew/Cellar/php/8.2.11/include/php/ext -I/opt/homebrew/Cellar/php/8.2.11/include/php/ext/date/lib  conftest.c >&5
configure:4747: $? = 0
configure:4747: result: yes
configure:4747: checking for sys/stat.h
configure:4747: cc -c -g -O2 -I/opt/homebrew/Cellar/php/8.2.11/include/php -I/opt/homebrew/Cellar/php/8.2.11/include/php/main -I/opt/homebrew/Cellar/php/8.2.11/include/php/TSRM -I/opt/homebrew/Cellar/php/8.2.11/include/php/Zend -I/opt/homebrew/Cellar/php/8.2.11/include/php/ext -I/opt/homebrew/Cellar/php/8.2.11/include/php/ext/date/lib  conftest.c >&5
configure:4747: $? = 0
configure:4747: result: yes
configure:4747: checking for sys/types.h
configure:4747: cc -c -g -O2 -I/opt/homebrew/Cellar/php/8.2.11/include/php -I/opt/homebrew/Cellar/php/8.2.11/include/php/main -I/opt/homebrew/Cellar/php/8.2.11/include/php/TSRM -I/opt/homebrew/Cellar/php/8.2.11/include/php/Zend -I/opt/homebrew/Cellar/php/8.2.11/include/php/ext -I/opt/homebrew/Cellar/php/8.2.11/include/php/ext/date/lib  conftest.c >&5
configure:4747: $? = 0
configure:4747: result: yes
configure:4747: checking for unistd.h
configure:4747: cc -c -g -O2 -I/opt/homebrew/Cellar/php/8.2.11/include/php -I/opt/homebrew/Cellar/php/8.2.11/include/php/main -I/opt/homebrew/Cellar/php/8.2.11/include/php/TSRM -I/opt/homebrew/Cellar/php/8.2.11/include/php/Zend -I/opt/homebrew/Cellar/php/8.2.11/include/php/ext -I/opt/homebrew/Cellar/php/8.2.11/include/php/ext/date/lib  conftest.c >&5
configure:4747: $? = 0
configure:4747: result: yes
configure:4772: checking for netinet/in.h
configure:4772: cc -c -g -O2 -I/opt/homebrew/Cellar/php/8.2.11/include/php -I/opt/homebrew/Cellar/php/8.2.11/include/php/main -I/opt/homebrew/Cellar/php/8.2.11/include/php/TSRM -I/opt/homebrew/Cellar/php/8.2.11/include/php/Zend -I/opt/homebrew/Cellar/php/8.2.11/include/php/ext -I/opt/homebrew/Cellar/php/8.2.11/include/php/ext/date/lib  conftest.c >&5
configure:4772: $? = 0
configure:4772: result: yes
configure:4778: checking for poll.h
configure:4778: cc -c -g -O2 -I/opt/homebrew/Cellar/php/8.2.11/include/php -I/opt/homebrew/Cellar/php/8.2.11/include/php/main -I/opt/homebrew/Cellar/php/8.2.11/include/php/TSRM -I/opt/homebrew/Cellar/php/8.2.11/include/php/Zend -I/opt/homebrew/Cellar/php/8.2.11/include/php/ext -I/opt/homebrew/Cellar/php/8.2.11/include/php/ext/date/lib  conftest.c >&5
configure:4778: $? = 0
configure:4778: result: yes
configure:4784: checking for sys/poll.h
configure:4784: cc -c -g -O2 -I/opt/homebrew/Cellar/php/8.2.11/include/php -I/opt/homebrew/Cellar/php/8.2.11/include/php/main -I/opt/homebrew/Cellar/php/8.2.11/include/php/TSRM -I/opt/homebrew/Cellar/php/8.2.11/include/php/Zend -I/opt/homebrew/Cellar/php/8.2.11/include/php/ext -I/opt/homebrew/Cellar/php/8.2.11/include/php/ext/date/lib  conftest.c >&5
configure:4784: $? = 0
configure:4784: result: yes
configure:4818: checking for res_ninit
configure:4818: cc -o conftest -g -O2 -I/opt/homebrew/Cellar/php/8.2.11/include/php -I/opt/homebrew/Cellar/php/8.2.11/include/php/main -I/opt/homebrew/Cellar/php/8.2.11/include/php/TSRM -I/opt/homebrew/Cellar/php/8.2.11/include/php/Zend -I/opt/homebrew/Cellar/php/8.2.11/include/php/ext -I/opt/homebrew/Cellar/php/8.2.11/include/php/ext/date/lib   conftest.c  >&5
Undefined symbols for architecture x86_64:
  "_res_ninit", referenced from:
      _main in conftest-414fb9.o
ld: symbol(s) not found for architecture x86_64
clang: error: linker command failed with exit code 1 (use -v to see invocation)
configure:4818: $? = 1
configure: failed program was:
| /* confdefs.h */
| #define PACKAGE_NAME ""
| #define PACKAGE_TARNAME ""
| #define PACKAGE_VERSION ""
| #define PACKAGE_STRING ""
| #define PACKAGE_BUGREPORT ""
| #define PACKAGE_URL ""
| #define HAVE_XDEBUG 1
| #define HAVE_XDEBUG_CLOCK_GETTIME 1
| #define HAVE_XDEBUG_CLOCK_GETTIME_NSEC_NP 1
| #define HAVE_GETTIMEOFDAY 1
| #define HAVE_STDIO_H 1
| #define HAVE_STDLIB_H 1
| #define HAVE_STRING_H 1
| #define HAVE_INTTYPES_H 1
| #define HAVE_STDINT_H 1
| #define HAVE_STRINGS_H 1
| #define HAVE_SYS_STAT_H 1
| #define HAVE_SYS_TYPES_H 1
| #define HAVE_UNISTD_H 1
| #define STDC_HEADERS 1
| #define HAVE_NETINET_IN_H 1
| #define HAVE_POLL_H 1
| #define HAVE_SYS_POLL_H 1
| /* end confdefs.h.  */
| /* Define res_ninit to an innocuous variant, in case <limits.h> declares res_ninit.
|    For example, HP-UX 11i <limits.h> declares gettimeofday.  */
| #define res_ninit innocuous_res_ninit
| 
| /* System header to define __stub macros and hopefully few prototypes,
|    which can conflict with char res_ninit (); below.  */
| 
| #include <limits.h>
| #undef res_ninit
| 
| /* Override any GCC internal prototype to avoid an error.
|    Use char because int might match the return type of a GCC
|    builtin and then its argument prototype would still apply.  */
| #ifdef __cplusplus
| extern "C"
| #endif
| char res_ninit ();
| /* The GNU C library defines this for functions which it implements
|     to always fail with ENOSYS.  Some functions are actually named
|     something starting with __ and the normal name is an alias.  */
| #if defined __stub_res_ninit || defined __stub___res_ninit
| choke me
| #endif
| 
| int
| main (void)
| {
| return res_ninit ();
|   ;
|   return 0;
| }
configure:4818: result: no
configure:4823: checking for __res_ninit
configure:4823: cc -o conftest -g -O2 -I/opt/homebrew/Cellar/php/8.2.11/include/php -I/opt/homebrew/Cellar/php/8.2.11/include/php/main -I/opt/homebrew/Cellar/php/8.2.11/include/php/TSRM -I/opt/homebrew/Cellar/php/8.2.11/include/php/Zend -I/opt/homebrew/Cellar/php/8.2.11/include/php/ext -I/opt/homebrew/Cellar/php/8.2.11/include/php/ext/date/lib   conftest.c  >&5
Undefined symbols for architecture x86_64:
  "___res_ninit", referenced from:
      _main in conftest-24f207.o
ld: symbol(s) not found for architecture x86_64
clang: error: linker command failed with exit code 1 (use -v to see invocation)
configure:4823: $? = 1
configure: failed program was:
| /* confdefs.h */
| #define PACKAGE_NAME ""
| #define PACKAGE_TARNAME ""
| #define PACKAGE_VERSION ""
| #define PACKAGE_STRING ""
| #define PACKAGE_BUGREPORT ""
| #define PACKAGE_URL ""
| #define HAVE_XDEBUG 1
| #define HAVE_XDEBUG_CLOCK_GETTIME 1
| #define HAVE_XDEBUG_CLOCK_GETTIME_NSEC_NP 1
| #define HAVE_GETTIMEOFDAY 1
| #define HAVE_STDIO_H 1
| #define HAVE_STDLIB_H 1
| #define HAVE_STRING_H 1
| #define HAVE_INTTYPES_H 1
| #define HAVE_STDINT_H 1
| #define HAVE_STRINGS_H 1
| #define HAVE_SYS_STAT_H 1
| #define HAVE_SYS_TYPES_H 1
| #define HAVE_UNISTD_H 1
| #define STDC_HEADERS 1
| #define HAVE_NETINET_IN_H 1
| #define HAVE_POLL_H 1
| #define HAVE_SYS_POLL_H 1
| /* end confdefs.h.  */
| /* Define __res_ninit to an innocuous variant, in case <limits.h> declares __res_ninit.
|    For example, HP-UX 11i <limits.h> declares gettimeofday.  */
| #define __res_ninit innocuous___res_ninit
| 
| /* System header to define __stub macros and hopefully few prototypes,
|    which can conflict with char __res_ninit (); below.  */
| 
| #include <limits.h>
| #undef __res_ninit
| 
| /* Override any GCC internal prototype to avoid an error.
|    Use char because int might match the return type of a GCC
|    builtin and then its argument prototype would still apply.  */
| #ifdef __cplusplus
| extern "C"
| #endif
| char __res_ninit ();
| /* The GNU C library defines this for functions which it implements
|     to always fail with ENOSYS.  Some functions are actually named
|     something starting with __ and the normal name is an alias.  */
| #if defined __stub___res_ninit || defined __stub_____res_ninit
| choke me
| #endif
| 
| int
| main (void)
| {
| return __res_ninit ();
|   ;
|   return 0;
| }
configure:4823: result: no
configure:4847: checking for res_ninit in -lresolv
configure:4870: cc -o conftest -g -O2 -I/opt/homebrew/Cellar/php/8.2.11/include/php -I/opt/homebrew/Cellar/php/8.2.11/include/php/main -I/opt/homebrew/Cellar/php/8.2.11/include/php/TSRM -I/opt/homebrew/Cellar/php/8.2.11/include/php/Zend -I/opt/homebrew/Cellar/php/8.2.11/include/php/ext -I/opt/homebrew/Cellar/php/8.2.11/include/php/ext/date/lib   conftest.c -lresolv   >&5
Undefined symbols for architecture x86_64:
  "_res_ninit", referenced from:
      _main in conftest-2e3bdd.o
ld: symbol(s) not found for architecture x86_64
clang: error: linker command failed with exit code 1 (use -v to see invocation)
configure:4870: $? = 1
configure: failed program was:
| /* confdefs.h */
| #define PACKAGE_NAME ""
| #define PACKAGE_TARNAME ""
| #define PACKAGE_VERSION ""
| #define PACKAGE_STRING ""
| #define PACKAGE_BUGREPORT ""
| #define PACKAGE_URL ""
| #define HAVE_XDEBUG 1
| #define HAVE_XDEBUG_CLOCK_GETTIME 1
| #define HAVE_XDEBUG_CLOCK_GETTIME_NSEC_NP 1
| #define HAVE_GETTIMEOFDAY 1
| #define HAVE_STDIO_H 1
| #define HAVE_STDLIB_H 1
| #define HAVE_STRING_H 1
| #define HAVE_INTTYPES_H 1
| #define HAVE_STDINT_H 1
| #define HAVE_STRINGS_H 1
| #define HAVE_SYS_STAT_H 1
| #define HAVE_SYS_TYPES_H 1
| #define HAVE_UNISTD_H 1
| #define STDC_HEADERS 1
| #define HAVE_NETINET_IN_H 1
| #define HAVE_POLL_H 1
| #define HAVE_SYS_POLL_H 1
| /* end confdefs.h.  */
| 
| /* Override any GCC internal prototype to avoid an error.
|    Use char because int might match the return type of a GCC
|    builtin and then its argument prototype would still apply.  */
| char res_ninit ();
| int
| main (void)
| {
| return res_ninit ();
|   ;
|   return 0;
| }
configure:4880: result: no
configure:4887: checking for __res_ninit in -lresolv
configure:4910: cc -o conftest -g -O2 -I/opt/homebrew/Cellar/php/8.2.11/include/php -I/opt/homebrew/Cellar/php/8.2.11/include/php/main -I/opt/homebrew/Cellar/php/8.2.11/include/php/TSRM -I/opt/homebrew/Cellar/php/8.2.11/include/php/Zend -I/opt/homebrew/Cellar/php/8.2.11/include/php/ext -I/opt/homebrew/Cellar/php/8.2.11/include/php/ext/date/lib   conftest.c -lresolv   >&5
Undefined symbols for architecture x86_64:
  "___res_ninit", referenced from:
      _main in conftest-b2503c.o
ld: symbol(s) not found for architecture x86_64
clang: error: linker command failed with exit code 1 (use -v to see invocation)
configure:4910: $? = 1
configure: failed program was:
| /* confdefs.h */
| #define PACKAGE_NAME ""
| #define PACKAGE_TARNAME ""
| #define PACKAGE_VERSION ""
| #define PACKAGE_STRING ""
| #define PACKAGE_BUGREPORT ""
| #define PACKAGE_URL ""
| #define HAVE_XDEBUG 1
| #define HAVE_XDEBUG_CLOCK_GETTIME 1
| #define HAVE_XDEBUG_CLOCK_GETTIME_NSEC_NP 1
| #define HAVE_GETTIMEOFDAY 1
| #define HAVE_STDIO_H 1
| #define HAVE_STDLIB_H 1
| #define HAVE_STRING_H 1
| #define HAVE_INTTYPES_H 1
| #define HAVE_STDINT_H 1
| #define HAVE_STRINGS_H 1
| #define HAVE_SYS_STAT_H 1
| #define HAVE_SYS_TYPES_H 1
| #define HAVE_UNISTD_H 1
| #define STDC_HEADERS 1
| #define HAVE_NETINET_IN_H 1
| #define HAVE_POLL_H 1
| #define HAVE_SYS_POLL_H 1
| /* end confdefs.h.  */
| 
| /* Override any GCC internal prototype to avoid an error.
|    Use char because int might match the return type of a GCC
|    builtin and then its argument prototype would still apply.  */
| char __res_ninit ();
| int
| main (void)
| {
| return __res_ninit ();
|   ;
|   return 0;
| }
configure:4920: result: no
configure:4992: checking for res_nclose
configure:4992: cc -o conftest -g -O2 -I/opt/homebrew/Cellar/php/8.2.11/include/php -I/opt/homebrew/Cellar/php/8.2.11/include/php/main -I/opt/homebrew/Cellar/php/8.2.11/include/php/TSRM -I/opt/homebrew/Cellar/php/8.2.11/include/php/Zend -I/opt/homebrew/Cellar/php/8.2.11/include/php/ext -I/opt/homebrew/Cellar/php/8.2.11/include/php/ext/date/lib   conftest.c  >&5
Undefined symbols for architecture x86_64:
  "_res_nclose", referenced from:
      _main in conftest-ac13ba.o
ld: symbol(s) not found for architecture x86_64
clang: error: linker command failed with exit code 1 (use -v to see invocation)
configure:4992: $? = 1
configure: failed program was:
| /* confdefs.h */
| #define PACKAGE_NAME ""
| #define PACKAGE_TARNAME ""
| #define PACKAGE_VERSION ""
| #define PACKAGE_STRING ""
| #define PACKAGE_BUGREPORT ""
| #define PACKAGE_URL ""
| #define HAVE_XDEBUG 1
| #define HAVE_XDEBUG_CLOCK_GETTIME 1
| #define HAVE_XDEBUG_CLOCK_GETTIME_NSEC_NP 1
| #define HAVE_GETTIMEOFDAY 1
| #define HAVE_STDIO_H 1
| #define HAVE_STDLIB_H 1
| #define HAVE_STRING_H 1
| #define HAVE_INTTYPES_H 1
| #define HAVE_STDINT_H 1
| #define HAVE_STRINGS_H 1
| #define HAVE_SYS_STAT_H 1
| #define HAVE_SYS_TYPES_H 1
| #define HAVE_UNISTD_H 1
| #define STDC_HEADERS 1
| #define HAVE_NETINET_IN_H 1
| #define HAVE_POLL_H 1
| #define HAVE_SYS_POLL_H 1
| /* end confdefs.h.  */
| /* Define res_nclose to an innocuous variant, in case <limits.h> declares res_nclose.
|    For example, HP-UX 11i <limits.h> declares gettimeofday.  */
| #define res_nclose innocuous_res_nclose
| 
| /* System header to define __stub macros and hopefully few prototypes,
|    which can conflict with char res_nclose (); below.  */
| 
| #include <limits.h>
| #undef res_nclose
| 
| /* Override any GCC internal prototype to avoid an error.
|    Use char because int might match the return type of a GCC
|    builtin and then its argument prototype would still apply.  */
| #ifdef __cplusplus
| extern "C"
| #endif
| char res_nclose ();
| /* The GNU C library defines this for functions which it implements
|     to always fail with ENOSYS.  Some functions are actually named
|     something starting with __ and the normal name is an alias.  */
| #if defined __stub_res_nclose || defined __stub___res_nclose
| choke me
| #endif
| 
| int
| main (void)
| {
| return res_nclose ();
|   ;
|   return 0;
| }
configure:4992: result: no
configure:4997: checking for __res_nclose
configure:4997: cc -o conftest -g -O2 -I/opt/homebrew/Cellar/php/8.2.11/include/php -I/opt/homebrew/Cellar/php/8.2.11/include/php/main -I/opt/homebrew/Cellar/php/8.2.11/include/php/TSRM -I/opt/homebrew/Cellar/php/8.2.11/include/php/Zend -I/opt/homebrew/Cellar/php/8.2.11/include/php/ext -I/opt/homebrew/Cellar/php/8.2.11/include/php/ext/date/lib   conftest.c  >&5
Undefined symbols for architecture x86_64:
  "___res_nclose", referenced from:
      _main in conftest-c17a10.o
ld: symbol(s) not found for architecture x86_64
clang: error: linker command failed with exit code 1 (use -v to see invocation)
configure:4997: $? = 1
configure: failed program was:
| /* confdefs.h */
| #define PACKAGE_NAME ""
| #define PACKAGE_TARNAME ""
| #define PACKAGE_VERSION ""
| #define PACKAGE_STRING ""
| #define PACKAGE_BUGREPORT ""
| #define PACKAGE_URL ""
| #define HAVE_XDEBUG 1
| #define HAVE_XDEBUG_CLOCK_GETTIME 1
| #define HAVE_XDEBUG_CLOCK_GETTIME_NSEC_NP 1
| #define HAVE_GETTIMEOFDAY 1
| #define HAVE_STDIO_H 1
| #define HAVE_STDLIB_H 1
| #define HAVE_STRING_H 1
| #define HAVE_INTTYPES_H 1
| #define HAVE_STDINT_H 1
| #define HAVE_STRINGS_H 1
| #define HAVE_SYS_STAT_H 1
| #define HAVE_SYS_TYPES_H 1
| #define HAVE_UNISTD_H 1
| #define STDC_HEADERS 1
| #define HAVE_NETINET_IN_H 1
| #define HAVE_POLL_H 1
| #define HAVE_SYS_POLL_H 1
| /* end confdefs.h.  */
| /* Define __res_nclose to an innocuous variant, in case <limits.h> declares __res_nclose.
|    For example, HP-UX 11i <limits.h> declares gettimeofday.  */
| #define __res_nclose innocuous___res_nclose
| 
| /* System header to define __stub macros and hopefully few prototypes,
|    which can conflict with char __res_nclose (); below.  */
| 
| #include <limits.h>
| #undef __res_nclose
| 
| /* Override any GCC internal prototype to avoid an error.
|    Use char because int might match the return type of a GCC
|    builtin and then its argument prototype would still apply.  */
| #ifdef __cplusplus
| extern "C"
| #endif
| char __res_nclose ();
| /* The GNU C library defines this for functions which it implements
|     to always fail with ENOSYS.  Some functions are actually named
|     something starting with __ and the normal name is an alias.  */
| #if defined __stub___res_nclose || defined __stub_____res_nclose
| choke me
| #endif
| 
| int
| main (void)
| {
| return __res_nclose ();
|   ;
|   return 0;
| }
configure:4997: result: no
configure:5021: checking for res_nclose in -lresolv
configure:5044: cc -o conftest -g -O2 -I/opt/homebrew/Cellar/php/8.2.11/include/php -I/opt/homebrew/Cellar/php/8.2.11/include/php/main -I/opt/homebrew/Cellar/php/8.2.11/include/php/TSRM -I/opt/homebrew/Cellar/php/8.2.11/include/php/Zend -I/opt/homebrew/Cellar/php/8.2.11/include/php/ext -I/opt/homebrew/Cellar/php/8.2.11/include/php/ext/date/lib   conftest.c -lresolv   >&5
Undefined symbols for architecture x86_64:
  "_res_nclose", referenced from:
      _main in conftest-cc127b.o
ld: symbol(s) not found for architecture x86_64
clang: error: linker command failed with exit code 1 (use -v to see invocation)
configure:5044: $? = 1
configure: failed program was:
| /* confdefs.h */
| #define PACKAGE_NAME ""
| #define PACKAGE_TARNAME ""
| #define PACKAGE_VERSION ""
| #define PACKAGE_STRING ""
| #define PACKAGE_BUGREPORT ""
| #define PACKAGE_URL ""
| #define HAVE_XDEBUG 1
| #define HAVE_XDEBUG_CLOCK_GETTIME 1
| #define HAVE_XDEBUG_CLOCK_GETTIME_NSEC_NP 1
| #define HAVE_GETTIMEOFDAY 1
| #define HAVE_STDIO_H 1
| #define HAVE_STDLIB_H 1
| #define HAVE_STRING_H 1
| #define HAVE_INTTYPES_H 1
| #define HAVE_STDINT_H 1
| #define HAVE_STRINGS_H 1
| #define HAVE_SYS_STAT_H 1
| #define HAVE_SYS_TYPES_H 1
| #define HAVE_UNISTD_H 1
| #define STDC_HEADERS 1
| #define HAVE_NETINET_IN_H 1
| #define HAVE_POLL_H 1
| #define HAVE_SYS_POLL_H 1
| /* end confdefs.h.  */
| 
| /* Override any GCC internal prototype to avoid an error.
|    Use char because int might match the return type of a GCC
|    builtin and then its argument prototype would still apply.  */
| char res_nclose ();
| int
| main (void)
| {
| return res_nclose ();
|   ;
|   return 0;
| }
configure:5054: result: no
configure:5061: checking for __res_nclose in -lresolv
configure:5084: cc -o conftest -g -O2 -I/opt/homebrew/Cellar/php/8.2.11/include/php -I/opt/homebrew/Cellar/php/8.2.11/include/php/main -I/opt/homebrew/Cellar/php/8.2.11/include/php/TSRM -I/opt/homebrew/Cellar/php/8.2.11/include/php/Zend -I/opt/homebrew/Cellar/php/8.2.11/include/php/ext -I/opt/homebrew/Cellar/php/8.2.11/include/php/ext/date/lib   conftest.c -lresolv   >&5
Undefined symbols for architecture x86_64:
  "___res_nclose", referenced from:
      _main in conftest-6718bc.o
ld: symbol(s) not found for architecture x86_64
clang: error: linker command failed with exit code 1 (use -v to see invocation)
configure:5084: $? = 1
configure: failed program was:
| /* confdefs.h */
| #define PACKAGE_NAME ""
| #define PACKAGE_TARNAME ""
| #define PACKAGE_VERSION ""
| #define PACKAGE_STRING ""
| #define PACKAGE_BUGREPORT ""
| #define PACKAGE_URL ""
| #define HAVE_XDEBUG 1
| #define HAVE_XDEBUG_CLOCK_GETTIME 1
| #define HAVE_XDEBUG_CLOCK_GETTIME_NSEC_NP 1
| #define HAVE_GETTIMEOFDAY 1
| #define HAVE_STDIO_H 1
| #define HAVE_STDLIB_H 1
| #define HAVE_STRING_H 1
| #define HAVE_INTTYPES_H 1
| #define HAVE_STDINT_H 1
| #define HAVE_STRINGS_H 1
| #define HAVE_SYS_STAT_H 1
| #define HAVE_SYS_TYPES_H 1
| #define HAVE_UNISTD_H 1
| #define STDC_HEADERS 1
| #define HAVE_NETINET_IN_H 1
| #define HAVE_POLL_H 1
| #define HAVE_SYS_POLL_H 1
| /* end confdefs.h.  */
| 
| /* Override any GCC internal prototype to avoid an error.
|    Use char because int might match the return type of a GCC
|    builtin and then its argument prototype would still apply.  */
| char __res_nclose ();
| int
| main (void)
| {
| return __res_nclose ();
|   ;
|   return 0;
| }
configure:5094: result: no
configure:5267: checking for cos in -lm
configure:5290: cc -o conftest -g -O2 -I/opt/homebrew/Cellar/php/8.2.11/include/php -I/opt/homebrew/Cellar/php/8.2.11/include/php/main -I/opt/homebrew/Cellar/php/8.2.11/include/php/TSRM -I/opt/homebrew/Cellar/php/8.2.11/include/php/Zend -I/opt/homebrew/Cellar/php/8.2.11/include/php/ext -I/opt/homebrew/Cellar/php/8.2.11/include/php/ext/date/lib   conftest.c -lm   >&5
conftest.c:30:6: warning: incompatible redeclaration of library function 'cos' [-Wincompatible-library-redeclaration]
char cos ();
     ^
conftest.c:30:6: note: 'cos' is a builtin with type 'double (double)'
1 warning generated.
configure:5290: $? = 0
configure:5300: result: yes
configure:5344: checking for zlib >= 1.2.9
configure:5403: result: no
configure:7439: checking for a sed that does not truncate output
configure:7494: result: /usr/bin/sed
configure:7509: checking for ld used by cc
configure:7577: result: /Library/Developer/CommandLineTools/usr/bin/ld
configure:7584: checking if the linker (/Library/Developer/CommandLineTools/usr/bin/ld) is GNU ld
configure:7600: result: no
configure:7605: checking for /Library/Developer/CommandLineTools/usr/bin/ld option to reload object files
configure:7613: result: -r
configure:7631: checking for BSD-compatible nm
configure:7681: result: /usr/bin/nm -B
configure:7685: checking whether ln -s works
configure:7689: result: yes
configure:7696: checking how to recognize dependent libraries
configure:7883: result: pass_all
configure:8102: checking for dlfcn.h
configure:8102: cc -c -g -O2  conftest.c >&5
configure:8102: $? = 0
configure:8102: result: yes
configure:8121: checking the maximum length of command line arguments
configure:8234: result: 786432
configure:8246: checking command to parse /usr/bin/nm -B output from cc object
configure:8352: cc -c -g -O2  conftest.c >&5
configure:8355: $? = 0
configure:8359: /usr/bin/nm -B conftest.o \| sed -n -e 's/^.*[ 	]\([ABCDGIRSTW][ABCDGIRSTW]*\)[ 	][ 	]*\([_A-Za-z][_A-Za-z0-9]*\)$/\1 \2 \2/p' \> conftest.nm
configure:8362: $? = 0
cannot find nm_test_var in conftest.nm
configure:8352: cc -c -g -O2  conftest.c >&5
configure:8355: $? = 0
configure:8359: /usr/bin/nm -B conftest.o \| sed -n -e 's/^.*[ 	]\([ABCDGIRSTW][ABCDGIRSTW]*\)[ 	][ 	]*_\([_A-Za-z][_A-Za-z0-9]*\)$/\1 _\2 \2/p' \> conftest.nm
configure:8362: $? = 0
configure:8414: cc -o conftest -g -O2   conftest.c conftstm.o >&5
warning: (x86_64)  could not find object file symbol for symbol _main
configure:8417: $? = 0
configure:8455: result: ok
configure:8459: checking for objdir
configure:8475: result: .libs
configure:8572: checking for ar
configure:8593: found /usr/bin/ar
configure:8604: result: ar
configure:8674: checking for ranlib
configure:8695: found /usr/bin/ranlib
configure:8706: result: ranlib
configure:8776: checking for strip
configure:8797: found /usr/bin/strip
configure:8808: result: strip
configure:9068: checking for dsymutil
configure:9089: found /usr/bin/dsymutil
configure:9100: result: dsymutil
configure:9170: checking for nmedit
configure:9191: found /usr/bin/nmedit
configure:9202: result: nmedit
configure:9225: checking for -single_module linker flag
configure:9247: result: yes
configure:9249: checking for -exported_symbols_list linker flag
configure:9266: cc -o conftest -g -O2   -Wl,-exported_symbols_list,conftest.sym conftest.c  >&5
configure:9269: $? = 0
configure:9283: result: yes
configure:9402: checking if cc supports -fno-rtti -fno-exceptions
configure:9421: cc -c -g -O2  -fno-rtti -fno-exceptions conftest.c >&5
configure:9425: $? = 0
configure:9438: result: yes
configure:9453: checking for cc option to produce PIC
configure:9693: result: -fno-common
configure:9701: checking if cc PIC flag -fno-common works
configure:9720: cc -c -g -O2  -fno-common -DPIC conftest.c >&5
configure:9724: $? = 0
configure:9737: result: yes
configure:9765: checking if cc static flag -static works
configure:9794: result: no
configure:9804: checking if cc supports -c -o file.o
configure:9826: cc -c -g -O2  -o out/conftest2.o conftest.c >&5
configure:9830: $? = 0
configure:9852: result: yes
configure:9878: checking whether the cc linker (/Library/Developer/CommandLineTools/usr/bin/ld) supports shared libraries
configure:10806: result: yes
configure:10873: checking dynamic linker characteristics
configure:11482: result: darwin22.6.0 dyld
configure:11508: checking how to hardcode library paths into programs
configure:11533: result: immediate
configure:11547: checking whether stripping libraries is possible
configure:11561: result: yes
configure:12067: checking if libtool supports shared libraries
configure:12069: result: yes
configure:12072: checking whether to build shared libraries
configure:12093: result: yes
configure:12096: checking whether to build static libraries
configure:12100: result: no
configure:12194: result:
creating libtool
configure:15970: patching config.h.in
configure:15981: creating ./config.status

## ---------------------- ##
## Running config.status. ##
## ---------------------- ##

This file was extended by config.status, which was
generated by GNU Autoconf 2.71.  Invocation command line was

  CONFIG_FILES    = 
  CONFIG_HEADERS  = 
  CONFIG_LINKS    = 
  CONFIG_COMMANDS = 
  $ ./config.status 

on MacBook-Air-de-Pierre-4.local

config.status:676: creating config.h

## ---------------- ##
## Cache variables. ##
## ---------------- ##

ac_cv_build=x86_64-apple-darwin22.6.0
ac_cv_c_compiler_gnu=yes
ac_cv_env_CC_set=
ac_cv_env_CC_value=
ac_cv_env_CFLAGS_set=
ac_cv_env_CFLAGS_value=
ac_cv_env_CPPFLAGS_set=
ac_cv_env_CPPFLAGS_value=
ac_cv_env_CPP_set=
ac_cv_env_CPP_value=
ac_cv_env_LDFLAGS_set=
ac_cv_env_LDFLAGS_value=
ac_cv_env_LIBS_set=
ac_cv_env_LIBS_value=
ac_cv_env_PKG_CONFIG_LIBDIR_set=
ac_cv_env_PKG_CONFIG_LIBDIR_value=
ac_cv_env_PKG_CONFIG_PATH_set=
ac_cv_env_PKG_CONFIG_PATH_value=
ac_cv_env_PKG_CONFIG_set=
ac_cv_env_PKG_CONFIG_value=
ac_cv_env_ZLIB_CFLAGS_set=
ac_cv_env_ZLIB_CFLAGS_value=
ac_cv_env_ZLIB_LIBS_set=
ac_cv_env_ZLIB_LIBS_value=
ac_cv_env_build_alias_set=
ac_cv_env_build_alias_value=
ac_cv_env_host_alias_set=
ac_cv_env_host_alias_value=
ac_cv_env_target_alias_set=
ac_cv_env_target_alias_value=
ac_cv_func___res_nclose=no
ac_cv_func___res_ninit=no
ac_cv_func_clock_gettime_nsec_np=yes
ac_cv_func_gettimeofday=yes
ac_cv_func_res_nclose=no
ac_cv_func_res_ninit=no
ac_cv_header_dlfcn_h=yes
ac_cv_header_inttypes_h=yes
ac_cv_header_netinet_in_h=yes
ac_cv_header_poll_h=yes
ac_cv_header_stdint_h=yes
ac_cv_header_stdio_h=yes
ac_cv_header_stdlib_h=yes
ac_cv_header_string_h=yes
ac_cv_header_strings_h=yes
ac_cv_header_sys_poll_h=yes
ac_cv_header_sys_stat_h=yes
ac_cv_header_sys_types_h=yes
ac_cv_header_unistd_h=yes
ac_cv_host=x86_64-apple-darwin22.6.0
ac_cv_lib_m_cos=yes
ac_cv_lib_resolv___res_nclose=no
ac_cv_lib_resolv___res_ninit=no
ac_cv_lib_resolv_res_nclose=no
ac_cv_lib_resolv_res_ninit=no
ac_cv_objext=o
ac_cv_path_EGREP='/usr/bin/grep -E'
ac_cv_path_GREP=/usr/bin/grep
ac_cv_path_SED=/usr/bin/sed
ac_cv_prog_AWK=awk
ac_cv_prog_CPP='cc -E'
ac_cv_prog_ac_ct_AR=ar
ac_cv_prog_ac_ct_CC=cc
ac_cv_prog_ac_ct_DSYMUTIL=dsymutil
ac_cv_prog_ac_ct_NMEDIT=nmedit
ac_cv_prog_ac_ct_RANLIB=ranlib
ac_cv_prog_ac_ct_STRIP=strip
ac_cv_prog_cc_c11=
ac_cv_prog_cc_g=yes
ac_cv_prog_cc_stdc=
ac_cv_target=x86_64-apple-darwin22.6.0
lt_cv_apple_cc_single_mod=yes
lt_cv_deplibs_check_method=pass_all
lt_cv_file_magic_cmd='$MAGIC_CMD'
lt_cv_file_magic_test_file=
lt_cv_ld_exported_symbols_list=yes
lt_cv_ld_reload_flag=-r
lt_cv_objdir=.libs
lt_cv_path_LD=/Library/Developer/CommandLineTools/usr/bin/ld
lt_cv_path_NM='/usr/bin/nm -B'
lt_cv_path_SED=/usr/bin/sed
lt_cv_prog_compiler_c_o=yes
lt_cv_prog_compiler_pic_works=yes
lt_cv_prog_compiler_rtti_exceptions=yes
lt_cv_prog_compiler_static_works=no
lt_cv_prog_gnu_ld=no
lt_cv_sys_global_symbol_pipe='sed -n -e '\''s/^.*[ 	]\([ABCDGIRSTW][ABCDGIRSTW]*\)[ 	][ 	]*_\([_A-Za-z][_A-Za-z0-9]*\)$/\1 _\2 \2/p'\'''
lt_cv_sys_global_symbol_to_c_name_address='sed -n -e '\''s/^: \([^ ]*\) $/  {\"\1\", (lt_ptr) 0},/p'\'' -e '\''s/^[BCDEGRST] \([^ ]*\) \([^ ]*\)$/  {"\2", (lt_ptr) \&\2},/p'\'''
lt_cv_sys_global_symbol_to_cdecl='sed -n -e '\''s/^. .* \(.*\)$/extern int \1;/p'\'''
lt_cv_sys_lib_dlsearch_path_spec='/usr/local/lib /lib /usr/lib'
lt_cv_sys_lib_search_path_spec='/Library/Developer/CommandLineTools/usr/lib/clang/14.0.3 /usr/local/lib'
lt_cv_sys_max_cmd_len=786432
lt_lt_cv_prog_compiler_c_o='"yes"'
lt_lt_cv_sys_global_symbol_pipe='"sed -n -e '\''s/^.*[ 	]\\([ABCDGIRSTW][ABCDGIRSTW]*\\)[ 	][ 	]*_\\([_A-Za-z][_A-Za-z0-9]*\\)\$/\\1 _\\2 \\2/p'\''"'
lt_lt_cv_sys_global_symbol_to_c_name_address='"sed -n -e '\''s/^: \\([^ ]*\\) \$/  {\\\"\\1\\\", (lt_ptr) 0},/p'\'' -e '\''s/^[BCDEGRST] \\([^ ]*\\) \\([^ ]*\\)\$/  {\"\\2\", (lt_ptr) \\&\\2},/p'\''"'
lt_lt_cv_sys_global_symbol_to_cdecl='"sed -n -e '\''s/^. .* \\(.*\\)\$/extern int \\1;/p'\''"'
php_cv_cc_rpath=yes

## ----------------- ##
## Output variables. ##
## ----------------- ##

AR='ar'
AWK='awk'
BUILD_CC='cc'
CC='cc'
CFLAGS='-g -O2'
CONFIGURE_COMMAND=' '\''./configure'\'' '
CONFIGURE_OPTIONS=''
CPP='cc -E'
CPPFLAGS=' -DHAVE_CONFIG_H'
DEFS='-DHAVE_CONFIG_H'
DSYMUTIL='dsymutil'
ECHO='/bin/echo'
ECHO_C='\c'
ECHO_N=''
ECHO_T=''
EGREP='/usr/bin/grep -E'
EXEEXT=''
GREP='/usr/bin/grep'
LDFLAGS=''
LIBOBJS=''
LIBS=''
LIBTOOL='$(SHELL) $(top_builddir)/libtool'
LN_S='ln -s'
LTLIBOBJS=''
NMEDIT='nmedit'
OBJEXT='o'
PACKAGE_BUGREPORT=''
PACKAGE_NAME=''
PACKAGE_STRING=''
PACKAGE_TARNAME=''
PACKAGE_URL=''
PACKAGE_VERSION=''
PATH_SEPARATOR=':'
PKG_CONFIG=''
PKG_CONFIG_LIBDIR=''
PKG_CONFIG_PATH=''
RANLIB='ranlib'
SED='/usr/bin/sed'
SHELL='/bin/sh'
SHLIB_DL_SUFFIX_NAME='so'
SHLIB_SUFFIX_NAME='dylib'
STRIP='strip'
ZLIB_CFLAGS=''
ZLIB_LIBS=''
ac_ct_CC='cc'
bindir='${exec_prefix}/bin'
build='x86_64-apple-darwin22.6.0'
build_alias=''
build_cpu='x86_64'
build_os='darwin22.6.0'
build_vendor='apple'
datadir='${datarootdir}'
datarootdir='${prefix}/share'
docdir='${datarootdir}/doc/${PACKAGE}'
dvidir='${docdir}'
exec_prefix='$(prefix)'
host='x86_64-apple-darwin22.6.0'
host_alias='x86_64-apple-darwin22.6.0'
host_cpu='x86_64'
host_os='darwin22.6.0'
host_vendor='apple'
htmldir='${docdir}'
includedir='${prefix}/include'
infodir='${datarootdir}/info'
libdir='${exec_prefix}/lib'
libexecdir='${exec_prefix}/libexec'
localedir='${datarootdir}/locale'
localstatedir='${prefix}/var'
mandir='${datarootdir}/man'
oldincludedir='/usr/include'
pdfdir='${docdir}'
prefix='/opt/homebrew/Cellar/php/8.2.11'
program_transform_name='s,x,x,'
psdir='${docdir}'
runstatedir='${localstatedir}/run'
sbindir='${exec_prefix}/sbin'
sharedstatedir='${prefix}/com'
sysconfdir='${prefix}/etc'
target='x86_64-apple-darwin22.6.0'
target_alias=''
target_cpu='x86_64'
target_os='darwin22.6.0'
target_vendor='apple'

## ----------- ##
## confdefs.h. ##
## ----------- ##

/* confdefs.h */
#define PACKAGE_NAME ""
#define PACKAGE_TARNAME ""
#define PACKAGE_VERSION ""
#define PACKAGE_STRING ""
#define PACKAGE_BUGREPORT ""
#define PACKAGE_URL ""
#define HAVE_XDEBUG 1
#define HAVE_XDEBUG_CLOCK_GETTIME 1
#define HAVE_XDEBUG_CLOCK_GETTIME_NSEC_NP 1
#define HAVE_GETTIMEOFDAY 1
#define HAVE_STDIO_H 1
#define HAVE_STDLIB_H 1
#define HAVE_STRING_H 1
#define HAVE_INTTYPES_H 1
#define HAVE_STDINT_H 1
#define HAVE_STRINGS_H 1
#define HAVE_SYS_STAT_H 1
#define HAVE_SYS_TYPES_H 1
#define HAVE_UNISTD_H 1
#define STDC_HEADERS 1
#define HAVE_NETINET_IN_H 1
#define HAVE_POLL_H 1
#define HAVE_SYS_POLL_H 1
#define COMPILE_DL_XDEBUG 1
#define HAVE_DLFCN_H 1

configure: exit 0
